#
# There is insufficient memory for the Java Runtime Environment to continue.
# Native memory allocation (mmap) failed to map 65536 bytes for Failed to commit area from 0x0000024e79a60000 to 0x0000024e79a70000 of length 65536.
# Possible reasons:
#   The system is out of physical RAM or swap space
#   The process is running with CompressedOops enabled, and the Java Heap may be blocking the growth of the native heap
# Possible solutions:
#   Reduce memory load on the system
#   Increase physical memory or swap space
#   Check if swap backing store is full
#   Decrease Java heap size (-Xmx/-Xms)
#   Decrease number of Java threads
#   Decrease Java thread stack sizes (-Xss)
#   Set larger code cache with -XX:ReservedCodeCacheSize=
# This output file may be truncated or incomplete.
#
#  Out of Memory Error (./src/hotspot/os/windows/os_windows.cpp:3619), pid=88312, tid=78284
#
# JRE version:  (11.0.13+7) (build )
# Java VM: OpenJDK 64-Bit Server VM (11.0.13+7-b1751.25, mixed mode, sharing, tiered, compressed oops, g1 gc, windows-amd64)
# No core dump will be written. Minidumps are not enabled by default on client versions of Windows
#

---------------  S U M M A R Y ------------

Command Line: git4idea.http.GitAskPassApp Username for 'https://github.com': 

Host: AMD Ryzen 7 3700X 8-Core Processor             , 16 cores, 15G,  Windows 10 , 64 bit Build 19041 (10.0.19041.1348)
Time: Sat Oct  8 14:24:40 2022 Финляндия (лето) elapsed time: 0.401922 seconds (0d 0h 0m 0s)

---------------  T H R E A D  ---------------

Current thread (0x0000024e73afd000):  JavaThread "Unknown thread" [_thread_in_vm, id=78284, stack(0x00000066a4700000,0x00000066a4800000)]

Stack: [0x00000066a4700000,0x00000066a4800000]
Native frames: (J=compiled Java code, j=interpreted, Vv=VM code, C=native code)
V  [jvm.dll+0x613daa]
V  [jvm.dll+0x799b30]
V  [jvm.dll+0x79b14d]
V  [jvm.dll+0x79b823]
V  [jvm.dll+0x24c958]
V  [jvm.dll+0x610e24]
V  [jvm.dll+0x605b25]
V  [jvm.dll+0x30aaab]
V  [jvm.dll+0x30aa1a]
V  [jvm.dll+0x30a8f2]
V  [jvm.dll+0x30f965]
V  [jvm.dll+0x359155]
V  [jvm.dll+0x359846]
V  [jvm.dll+0x359243]
V  [jvm.dll+0x2e57a8]
V  [jvm.dll+0x2e6947]
V  [jvm.dll+0x776d47]
V  [jvm.dll+0x77853c]
V  [jvm.dll+0x3666c9]
V  [jvm.dll+0x75a9ce]
V  [jvm.dll+0x3d47d3]
V  [jvm.dll+0x3d6d21]
C  [jli.dll+0x536b]
C  [ucrtbase.dll+0x21bb2]
C  [KERNEL32.DLL+0x17034]
C  [ntdll.dll+0x52651]


---------------  P R O C E S S  ---------------

Threads class SMR info:
_java_thread_list=0x0000024e71942be0, length=0, elements={
}

Java Threads: ( => current thread )

Other Threads:
  0x0000024e73b15000 GCTaskThread "GC Thread#0" [stack: 0x00000066a4800000,0x00000066a4900000] [id=88348]
  0x0000024e73b75000 ConcurrentGCThread "G1 Main Marker" [stack: 0x00000066a4900000,0x00000066a4a00000] [id=42636]
  0x0000024e73b7a000 ConcurrentGCThread "G1 Conc#0" [stack: 0x00000066a4a00000,0x00000066a4b00000] [id=91000]

[error occurred during error reporting (printing all threads), id 0xc0000005, EXCEPTION_ACCESS_VIOLATION (0xc0000005) at pc=0x00007ffc18e05c97]

VM state:not at safepoint (not fully initialized)

VM Mutex/Monitor currently owned by a thread:  ([mutex/lock_event])
[0x0000024e73af97d0] Heap_lock - owner thread: 0x0000024e73afd000

Heap address: 0x0000000701200000, size: 4078 MB, Compressed Oops mode: Non-zero based: 0x0000000701200000
Narrow klass base: 0x0000000000000000, Narrow klass shift: 0

GC Heap History (0 events):
No events

Deoptimization events (0 events):
No events

Classes redefined (0 events):
No events

Internal exceptions (0 events):
No events

Events (1 events):
Event: 0.182 Loaded shared library D:\Program Files (x86)\WebStorm 2021.3.2\jbr\bin\zip.dll


Dynamic libraries:
0x00007ff6c6320000 - 0x00007ff6c632a000 	D:\Program Files (x86)\WebStorm 2021.3.2\jbr\bin\java.exe
0x00007ffc83e10000 - 0x00007ffc84005000 	C:\Windows\SYSTEM32\ntdll.dll
0x00007ffc823d0000 - 0x00007ffc8248e000 	C:\Windows\System32\KERNEL32.DLL
0x00007ffc81720000 - 0x00007ffc819e8000 	C:\Windows\System32\KERNELBASE.dll
0x00007ffc81d10000 - 0x00007ffc81e10000 	C:\Windows\System32\ucrtbase.dll
0x00007ffc503b0000 - 0x00007ffc503c7000 	D:\Program Files (x86)\WebStorm 2021.3.2\jbr\bin\VCRUNTIME140.dll
0x00007ffc502b0000 - 0x00007ffc502c9000 	D:\Program Files (x86)\WebStorm 2021.3.2\jbr\bin\jli.dll
0x00007ffc82c10000 - 0x00007ffc82db1000 	C:\Windows\System32\USER32.dll
0x00007ffc81a90000 - 0x00007ffc81ab2000 	C:\Windows\System32\win32u.dll
0x00007ffc82340000 - 0x00007ffc8236b000 	C:\Windows\System32\GDI32.dll
0x00007ffc81530000 - 0x00007ffc8163b000 	C:\Windows\System32\gdi32full.dll
0x00007ffc819f0000 - 0x00007ffc81a8d000 	C:\Windows\System32\msvcp_win.dll
0x00007ffc76010000 - 0x00007ffc762aa000 	C:\Windows\WinSxS\amd64_microsoft.windows.common-controls_6595b64144ccf1df_6.0.19041.1110_none_60b5254171f9507e\COMCTL32.dll
0x00007ffc82750000 - 0x00007ffc827ee000 	C:\Windows\System32\msvcrt.dll
0x00007ffc83290000 - 0x00007ffc832c0000 	C:\Windows\System32\IMM32.DLL
0x00007ffc4e4a0000 - 0x00007ffc4e53d000 	D:\Program Files (x86)\WebStorm 2021.3.2\jbr\bin\msvcp140.dll
0x00007ffc18b10000 - 0x00007ffc19686000 	D:\Program Files (x86)\WebStorm 2021.3.2\jbr\bin\server\jvm.dll
0x00007ffc83020000 - 0x00007ffc830cc000 	C:\Windows\System32\ADVAPI32.dll
0x00007ffc835f0000 - 0x00007ffc8368b000 	C:\Windows\System32\sechost.dll
0x00007ffc82dc0000 - 0x00007ffc82eea000 	C:\Windows\System32\RPCRT4.dll
0x00007ffc82b50000 - 0x00007ffc82b58000 	C:\Windows\System32\PSAPI.DLL
0x00007ffc78380000 - 0x00007ffc783a7000 	C:\Windows\SYSTEM32\WINMM.dll
0x00007ffc6be30000 - 0x00007ffc6be39000 	C:\Windows\SYSTEM32\WSOCK32.dll
0x00007ffc830d0000 - 0x00007ffc8313b000 	C:\Windows\System32\WS2_32.dll
0x00007ffc810d0000 - 0x00007ffc810da000 	C:\Windows\SYSTEM32\VERSION.dll
0x00007ffc7f3a0000 - 0x00007ffc7f3b2000 	C:\Windows\SYSTEM32\kernel.appcore.dll
0x00007ffc7cac0000 - 0x00007ffc7cad1000 	D:\Program Files (x86)\WebStorm 2021.3.2\jbr\bin\verify.dll
0x00007ffc76c30000 - 0x00007ffc76e14000 	C:\Windows\SYSTEM32\DBGHELP.DLL
0x00007ffc63140000 - 0x00007ffc6316c000 	C:\Windows\SYSTEM32\dbgcore.DLL
0x00007ffc81c80000 - 0x00007ffc81d03000 	C:\Windows\System32\bcryptPrimitives.dll
0x00007ffc6dbc0000 - 0x00007ffc6dbe9000 	D:\Program Files (x86)\WebStorm 2021.3.2\jbr\bin\java.dll
0x00007ffc7ec20000 - 0x00007ffc7ec2b000 	D:\Program Files (x86)\WebStorm 2021.3.2\jbr\bin\jimage.dll
0x00007ffc6f090000 - 0x00007ffc6f0a8000 	D:\Program Files (x86)\WebStorm 2021.3.2\jbr\bin\zip.dll

dbghelp: loaded successfully - version: 4.0.5 - missing functions: none
symbol engine: initialized successfully - sym options: 0x614 - pdb path: .;D:\Program Files (x86)\WebStorm 2021.3.2\jbr\bin;C:\Windows\SYSTEM32;C:\Windows\WinSxS\amd64_microsoft.windows.common-controls_6595b64144ccf1df_6.0.19041.1110_none_60b5254171f9507e;D:\Program Files (x86)\WebStorm 2021.3.2\jbr\bin\server

VM Arguments:
java_command: git4idea.http.GitAskPassApp Username for 'https://github.com': 
java_class_path (initial): D:/Program Files (x86)/WebStorm 2021.3.2/plugins/git4idea/lib/git4idea-rt.jar;D:/Program Files (x86)/WebStorm 2021.3.2/lib/3rd-party.jar;D:/Program Files (x86)/WebStorm 2021.3.2/lib/3rd-party-rt.jar
Launcher Type: SUN_STANDARD

[Global flags]
     intx CICompilerCount                          = 12                                        {product} {ergonomic}
     uint ConcGCThreads                            = 3                                         {product} {ergonomic}
     uint G1ConcRefinementThreads                  = 13                                        {product} {ergonomic}
   size_t G1HeapRegionSize                         = 1048576                                   {product} {ergonomic}
    uintx GCDrainStackTargetSize                   = 64                                        {product} {ergonomic}
   size_t InitialHeapSize                          = 268435456                                 {product} {ergonomic}
   size_t MarkStackSize                            = 4194304                                   {product} {ergonomic}
   size_t MaxHeapSize                              = 4276092928                                {product} {ergonomic}
   size_t MinHeapDeltaBytes                        = 1048576                                   {product} {ergonomic}
    uintx NonNMethodCodeHeapSize                   = 7594288                                {pd product} {ergonomic}
    uintx NonProfiledCodeHeapSize                  = 122031976                              {pd product} {ergonomic}
    uintx ProfiledCodeHeapSize                     = 122031976                              {pd product} {ergonomic}
    uintx ReservedCodeCacheSize                    = 251658240                              {pd product} {ergonomic}
     bool SegmentedCodeCache                       = true                                      {product} {ergonomic}
     bool UseCompressedClassPointers               = true                                 {lp64_product} {ergonomic}
     bool UseCompressedOops                        = true                                 {lp64_product} {ergonomic}
     bool UseG1GC                                  = true                                      {product} {ergonomic}
     bool UseLargePagesIndividualAllocation        = false                                  {pd product} {ergonomic}

Logging:
Log output configuration:
 #0: stdout all=warning uptime,level,tags
 #1: stderr all=off uptime,level,tags

Environment Variables:
JAVA_HOME=C:\Program Files\Java\jdk-15.0.1
PATH=D:\Program Files (x86)\Git\mingw64\libexec\git-core;D:\Program Files (x86)\Git\mingw64\libexec\git-core;D:\Program Files (x86)\Git\mingw64\bin;D:\Program Files (x86)\Git\usr\bin;C:\Users\User\bin;C:\ProgramData\Oracle\Java\javapath;C:\Program Files\Common Files\Oracle\Java\javapath;C:\Program Files (x86)\Common Files\Oracle\Java\javapath;C:\Windows\system32;C:\Windows;C:\Windows\System32\Wbem;C:\Windows\System32\WindowsPowerShell\v1.0;C:\Windows\System32\OpenSSH;C:\Program Files (x86)\Common Files\Acronis\SnapAPI;C:\Program Files (x86)\NVIDIA Corporation\PhysX\Common;C:\Program Files\NVIDIA Corporation\NVIDIA NvDLISR;C:\Program Files (x86)\QuickTime\QTSystem;D:\Program Files (x86)\nodejs;D:\Program Files (x86)\Git\cmd;C:\Program Files\Docker\Docker\resources\bin;C:\ProgramData\DockerDesktop\version-bin;C:\Users\User\AppData\Local\Microsoft\WindowsApps;C:\Users\User\AppData\Roaming\npm;C:\Users\User\AppData\Local\GitHubDesktop\bin;D:\Program Files (x86)\Microsoft VS Code\bin;D:\Program Files (x86)\IntelliJ IDEA 2022.2\bin;D:\Program Files (x86)\maven\bin
USERNAME=User
DISPLAY=:0.0
LC_ALL=en_US.UTF-8
OS=Windows_NT
PROCESSOR_IDENTIFIER=AMD64 Family 23 Model 113 Stepping 0, AuthenticAMD



---------------  S Y S T E M  ---------------

OS: Windows 10 , 64 bit Build 19041 (10.0.19041.1348)
OS uptime: 18 days 18:47 hours
Hyper-V role detected

CPU:total 16 (initial active 16) (16 cores per cpu, 2 threads per core) family 23 model 113 stepping 0 microcode 0x0, cmov, cx8, fxsr, mmx, sse, sse2, sse3, ssse3, sse4.1, sse4.2, popcnt, avx, avx2, aes, clmul, mmxext, 3dnowpref, lzcnt, sse4a, ht, tsc, tscinvbit, tscinv, bmi1, bmi2, adx, sha, fma

Memory: 4k page, system-wide physical 16310M (680M free)
TotalPageFile size 44848M (AvailPageFile size 24M)
current process WorkingSet (physical memory assigned to process): 10M, peak: 10M
current process commit charge ("private bytes"): 330M, peak: 330M

vm_info: OpenJDK 64-Bit Server VM (11.0.13+7-b1751.25) for windows-amd64 JRE (11.0.13+7-b1751.25), built on Jan 13 2022 20:47:27 by "" with MS VC++ 14.0 (VS2015)

END.
